Determining if the pthread_create exist failed with the following output:
Change Dir: /home/rosbox/control_code/build/CMakeFiles/CMakeTmp

Run Build Command:/usr/bin/make "cmTryCompileExec3530079244/fast"
/usr/bin/make -f CMakeFiles/cmTryCompileExec3530079244.dir/build.make CMakeFiles/cmTryCompileExec3530079244.dir/build
make[1]: Entering directory `/home/rosbox/control_code/build/CMakeFiles/CMakeTmp'
/usr/bin/cmake -E cmake_progress_report /home/rosbox/control_code/build/CMakeFiles/CMakeTmp/CMakeFiles 1
Building C object CMakeFiles/cmTryCompileExec3530079244.dir/CheckSymbolExists.c.o
/usr/bin/cc    -o CMakeFiles/cmTryCompileExec3530079244.dir/CheckSymbolExists.c.o   -c /home/rosbox/control_code/build/CMakeFiles/CMakeTmp/CheckSymbolExists.c
Linking C executable cmTryCompileExec3530079244
/usr/bin/cmake -E cmake_link_script CMakeFiles/cmTryCompileExec3530079244.dir/link.txt --verbose=1
/usr/bin/cc       CMakeFiles/cmTryCompileExec3530079244.dir/CheckSymbolExists.c.o  -o cmTryCompileExec3530079244 -rdynamic 
CMakeFiles/cmTryCompileExec3530079244.dir/CheckSymbolExists.c.o: In function `main':
CheckSymbolExists.c:(.text+0x16): undefined reference to `pthread_create'
make[1]: Leaving directory `/home/rosbox/control_code/build/CMakeFiles/CMakeTmp'
collect2: error: ld returned 1 exit status
make[1]: *** [cmTryCompileExec3530079244] Error 1
make: *** [cmTryCompileExec3530079244/fast] Error 2

File /home/rosbox/control_code/build/CMakeFiles/CMakeTmp/CheckSymbolExists.c:
/* */
#include <pthread.h>

int main(int argc, char** argv)
{
  (void)argv;
#ifndef pthread_create
  return ((int*)(&pthread_create))[argc];
#else
  (void)argc;
  return 0;
#endif
}

Determining if the function pthread_create exists in the pthreads failed with the following output:
Change Dir: /home/rosbox/control_code/build/CMakeFiles/CMakeTmp

Run Build Command:/usr/bin/make "cmTryCompileExec4139221380/fast"
/usr/bin/make -f CMakeFiles/cmTryCompileExec4139221380.dir/build.make CMakeFiles/cmTryCompileExec4139221380.dir/build
make[1]: Entering directory `/home/rosbox/control_code/build/CMakeFiles/CMakeTmp'
/usr/bin/cmake -E cmake_progress_report /home/rosbox/control_code/build/CMakeFiles/CMakeTmp/CMakeFiles 1
Building C object CMakeFiles/cmTryCompileExec4139221380.dir/CheckFunctionExists.c.o
/usr/bin/cc   -DCHECK_FUNCTION_EXISTS=pthread_create   -o CMakeFiles/cmTryCompileExec4139221380.dir/CheckFunctionExists.c.o   -c /usr/share/cmake-2.8/Modules/CheckFunctionExists.c
Linking C executable cmTryCompileExec4139221380
/usr/bin/cmake -E cmake_link_script CMakeFiles/cmTryCompileExec4139221380.dir/link.txt --verbose=1
/usr/bin/cc   -DCHECK_FUNCTION_EXISTS=pthread_create    CMakeFiles/cmTryCompileExec4139221380.dir/CheckFunctionExists.c.o  -o cmTryCompileExec4139221380 -rdynamic -lpthreads 
/usr/bin/ld: cannot find -lpthreads
collect2: error: ld returned 1 exit status
make[1]: Leaving directory `/home/rosbox/control_code/build/CMakeFiles/CMakeTmp'
make[1]: *** [cmTryCompileExec4139221380] Error 1
make: *** [cmTryCompileExec4139221380/fast] Error 2


